2020-12-25 22:07:35,036 [Worker-1: Loading available Gradle versions] INFO  o.e.b.c.i.u.g.PublishedGradleVersions - Gradle version information cache is out-of-date. Trying to update.
2020-12-26 00:03:00,150 [Worker-2: Loading available Gradle versions] INFO  o.e.b.c.i.u.g.PublishedGradleVersions - Gradle version information cache is up-to-date. Trying to read.
2020-12-28 22:42:15,977 [Worker-1: Loading available Gradle versions] INFO  o.e.b.c.i.u.g.PublishedGradleVersions - Gradle version information cache is out-of-date. Trying to update.
2020-12-28 23:00:50,568 [sentry-pool-1-thread-1] WARN  i.s.c.AbstractConnection.lockdown - Initiated a temporary lockdown because of exception: Too many requests to Sentry: https://docs.sentry.io/learn/quotas/
2020-12-28 23:09:45,895 [sentry-pool-1-thread-2] WARN  i.s.c.AbstractConnection.lockdown - Initiated a temporary lockdown because of exception: Too many requests to Sentry: https://docs.sentry.io/learn/quotas/
2020-12-28 23:20:57,644 [sentry-pool-1-thread-3] WARN  i.s.c.AbstractConnection.lockdown - Initiated a temporary lockdown because of exception: Too many requests to Sentry: https://docs.sentry.io/learn/quotas/
2020-12-28 23:37:17,552 [sentry-pool-1-thread-4] WARN  i.s.c.AbstractConnection.lockdown - Initiated a temporary lockdown because of exception: Too many requests to Sentry: https://docs.sentry.io/learn/quotas/
2020-12-29 14:48:17,947 [Worker-1: Loading available Gradle versions] INFO  o.e.b.c.i.u.g.PublishedGradleVersions - Gradle version information cache is up-to-date. Trying to read.
2020-12-29 16:37:14,374 [Worker-0: Loading available Gradle versions] INFO  o.e.b.c.i.u.g.PublishedGradleVersions - Gradle version information cache is up-to-date. Trying to read.
2020-12-29 20:53:34,247 [Worker-0: Loading available Gradle versions] INFO  o.e.b.c.i.u.g.PublishedGradleVersions - Gradle version information cache is up-to-date. Trying to read.
2020-12-29 22:09:48,036 [Worker-3: Loading available Gradle versions] INFO  o.e.b.c.i.u.g.PublishedGradleVersions - Gradle version information cache is up-to-date. Trying to read.
2020-12-30 11:16:29,130 [Worker-0: Loading available Gradle versions] INFO  o.e.b.c.i.u.g.PublishedGradleVersions - Gradle version information cache is out-of-date. Trying to update.
2020-12-30 11:16:39,364 [Worker-0: Loading available Gradle versions] INFO  o.e.b.c.i.u.g.PublishedGradleVersions - Updating Gradle version information cache failed. Using outdated cache.
2020-12-30 21:14:10,076 [Worker-0: Loading available Gradle versions] INFO  o.e.b.c.i.u.g.PublishedGradleVersions - Gradle version information cache is out-of-date. Trying to update.
2020-12-30 22:51:06,421 [Worker-0: Loading available Gradle versions] INFO  o.e.b.c.i.u.g.PublishedGradleVersions - Gradle version information cache is up-to-date. Trying to read.
2021-01-01 12:31:22,415 [Worker-4: Loading available Gradle versions] INFO  o.e.b.c.i.u.g.PublishedGradleVersions - Gradle version information cache is out-of-date. Trying to update.
2021-01-01 12:31:33,628 [Worker-4: Loading available Gradle versions] INFO  o.e.b.c.i.u.g.PublishedGradleVersions - Updating Gradle version information cache failed. Using outdated cache.
2021-01-01 13:04:28,465 [Worker-3: Loading available Gradle versions] INFO  o.e.b.c.i.u.g.PublishedGradleVersions - Gradle version information cache is out-of-date. Trying to update.
2021-01-01 13:54:03,032 [sentry-pool-1-thread-1] WARN  i.s.c.AbstractConnection.lockdown - Initiated a temporary lockdown because of exception: An exception occurred while submitting the event to the Sentry server.
2021-01-01 13:54:03,032 [sentry-pool-1-thread-3] ERROR i.sentry.connection.AsyncConnection - An exception occurred while sending the event to Sentry.
io.sentry.connection.ConnectionException: An exception occurred while submitting the event to the Sentry server.
	at io.sentry.connection.HttpConnection.doSend(HttpConnection.java:216)
	at io.sentry.connection.AbstractConnection.send(AbstractConnection.java:75)
	at io.sentry.connection.AsyncConnection$EventSubmitter.run(AsyncConnection.java:185)
	at java.base/java.util.concurrent.ThreadPoolExecutor.runWorker(ThreadPoolExecutor.java:1130)
	at java.base/java.util.concurrent.ThreadPoolExecutor$Worker.run(ThreadPoolExecutor.java:630)
	at java.base/java.lang.Thread.run(Thread.java:832)
Caused by: java.net.UnknownHostException: sentry.io
	at java.base/sun.nio.ch.NioSocketImpl.connect(NioSocketImpl.java:567)
	at java.base/java.net.SocksSocketImpl.connect(SocksSocketImpl.java:333)
	at java.base/java.net.Socket.connect(Socket.java:648)
	at java.base/sun.security.ssl.SSLSocketImpl.connect(SSLSocketImpl.java:290)
	at java.base/sun.net.NetworkClient.doConnect(NetworkClient.java:177)
	at java.base/sun.net.www.http.HttpClient.openServer(HttpClient.java:474)
	at java.base/sun.net.www.http.HttpClient.openServer(HttpClient.java:569)
	at java.base/sun.net.www.protocol.https.HttpsClient.<init>(HttpsClient.java:265)
	at java.base/sun.net.www.protocol.https.HttpsClient.New(HttpsClient.java:372)
	at java.base/sun.net.www.protocol.https.AbstractDelegateHttpsURLConnection.getNewHttpClient(AbstractDelegateHttpsURLConnection.java:189)
	at java.base/sun.net.www.protocol.http.HttpURLConnection.plainConnect0(HttpURLConnection.java:1194)
	at java.base/sun.net.www.protocol.http.HttpURLConnection.plainConnect(HttpURLConnection.java:1082)
	at java.base/sun.net.www.protocol.https.AbstractDelegateHttpsURLConnection.connect(AbstractDelegateHttpsURLConnection.java:175)
	at java.base/sun.net.www.protocol.https.HttpsURLConnectionImpl.connect(HttpsURLConnectionImpl.java:142)
	at io.sentry.connection.HttpConnection.doSend(HttpConnection.java:168)
	... 5 common frames omitted
2021-01-01 13:54:03,044 [sentry-pool-1-thread-2] ERROR i.sentry.connection.AsyncConnection - An exception occurred while sending the event to Sentry.
io.sentry.connection.ConnectionException: An exception occurred while submitting the event to the Sentry server.
	at io.sentry.connection.HttpConnection.doSend(HttpConnection.java:216)
	at io.sentry.connection.AbstractConnection.send(AbstractConnection.java:75)
	at io.sentry.connection.AsyncConnection$EventSubmitter.run(AsyncConnection.java:185)
	at java.base/java.util.concurrent.ThreadPoolExecutor.runWorker(ThreadPoolExecutor.java:1130)
	at java.base/java.util.concurrent.ThreadPoolExecutor$Worker.run(ThreadPoolExecutor.java:630)
	at java.base/java.lang.Thread.run(Thread.java:832)
Caused by: java.net.UnknownHostException: sentry.io
	at java.base/sun.nio.ch.NioSocketImpl.connect(NioSocketImpl.java:567)
	at java.base/java.net.SocksSocketImpl.connect(SocksSocketImpl.java:333)
	at java.base/java.net.Socket.connect(Socket.java:648)
	at java.base/sun.security.ssl.SSLSocketImpl.connect(SSLSocketImpl.java:290)
	at java.base/sun.net.NetworkClient.doConnect(NetworkClient.java:177)
	at java.base/sun.net.www.http.HttpClient.openServer(HttpClient.java:474)
	at java.base/sun.net.www.http.HttpClient.openServer(HttpClient.java:569)
	at java.base/sun.net.www.protocol.https.HttpsClient.<init>(HttpsClient.java:265)
	at java.base/sun.net.www.protocol.https.HttpsClient.New(HttpsClient.java:372)
	at java.base/sun.net.www.protocol.https.AbstractDelegateHttpsURLConnection.getNewHttpClient(AbstractDelegateHttpsURLConnection.java:189)
	at java.base/sun.net.www.protocol.http.HttpURLConnection.plainConnect0(HttpURLConnection.java:1194)
	at java.base/sun.net.www.protocol.http.HttpURLConnection.plainConnect(HttpURLConnection.java:1082)
	at java.base/sun.net.www.protocol.https.AbstractDelegateHttpsURLConnection.connect(AbstractDelegateHttpsURLConnection.java:175)
	at java.base/sun.net.www.protocol.https.HttpsURLConnectionImpl.connect(HttpsURLConnectionImpl.java:142)
	at io.sentry.connection.HttpConnection.doSend(HttpConnection.java:168)
	... 5 common frames omitted
2021-01-01 13:54:03,046 [sentry-pool-1-thread-1] ERROR i.sentry.connection.AsyncConnection - An exception occurred while sending the event to Sentry.
io.sentry.connection.ConnectionException: An exception occurred while submitting the event to the Sentry server.
	at io.sentry.connection.HttpConnection.doSend(HttpConnection.java:216)
	at io.sentry.connection.AbstractConnection.send(AbstractConnection.java:75)
	at io.sentry.connection.AsyncConnection$EventSubmitter.run(AsyncConnection.java:185)
	at java.base/java.util.concurrent.ThreadPoolExecutor.runWorker(ThreadPoolExecutor.java:1130)
	at java.base/java.util.concurrent.ThreadPoolExecutor$Worker.run(ThreadPoolExecutor.java:630)
	at java.base/java.lang.Thread.run(Thread.java:832)
Caused by: java.net.UnknownHostException: sentry.io
	at java.base/sun.nio.ch.NioSocketImpl.connect(NioSocketImpl.java:567)
	at java.base/java.net.SocksSocketImpl.connect(SocksSocketImpl.java:333)
	at java.base/java.net.Socket.connect(Socket.java:648)
	at java.base/sun.security.ssl.SSLSocketImpl.connect(SSLSocketImpl.java:290)
	at java.base/sun.net.NetworkClient.doConnect(NetworkClient.java:177)
	at java.base/sun.net.www.http.HttpClient.openServer(HttpClient.java:474)
	at java.base/sun.net.www.http.HttpClient.openServer(HttpClient.java:569)
	at java.base/sun.net.www.protocol.https.HttpsClient.<init>(HttpsClient.java:265)
	at java.base/sun.net.www.protocol.https.HttpsClient.New(HttpsClient.java:372)
	at java.base/sun.net.www.protocol.https.AbstractDelegateHttpsURLConnection.getNewHttpClient(AbstractDelegateHttpsURLConnection.java:189)
	at java.base/sun.net.www.protocol.http.HttpURLConnection.plainConnect0(HttpURLConnection.java:1194)
	at java.base/sun.net.www.protocol.http.HttpURLConnection.plainConnect(HttpURLConnection.java:1082)
	at java.base/sun.net.www.protocol.https.AbstractDelegateHttpsURLConnection.connect(AbstractDelegateHttpsURLConnection.java:175)
	at java.base/sun.net.www.protocol.https.HttpsURLConnectionImpl.connect(HttpsURLConnectionImpl.java:142)
	at io.sentry.connection.HttpConnection.doSend(HttpConnection.java:168)
	... 5 common frames omitted
2021-01-01 13:54:03,046 [sentry-pool-1-thread-4] ERROR i.sentry.connection.AsyncConnection - An exception occurred while sending the event to Sentry.
io.sentry.connection.ConnectionException: An exception occurred while submitting the event to the Sentry server.
	at io.sentry.connection.HttpConnection.doSend(HttpConnection.java:216)
	at io.sentry.connection.AbstractConnection.send(AbstractConnection.java:75)
	at io.sentry.connection.AsyncConnection$EventSubmitter.run(AsyncConnection.java:185)
	at java.base/java.util.concurrent.ThreadPoolExecutor.runWorker(ThreadPoolExecutor.java:1130)
	at java.base/java.util.concurrent.ThreadPoolExecutor$Worker.run(ThreadPoolExecutor.java:630)
	at java.base/java.lang.Thread.run(Thread.java:832)
Caused by: java.net.UnknownHostException: sentry.io
	at java.base/sun.nio.ch.NioSocketImpl.connect(NioSocketImpl.java:567)
	at java.base/java.net.SocksSocketImpl.connect(SocksSocketImpl.java:333)
	at java.base/java.net.Socket.connect(Socket.java:648)
	at java.base/sun.security.ssl.SSLSocketImpl.connect(SSLSocketImpl.java:290)
	at java.base/sun.net.NetworkClient.doConnect(NetworkClient.java:177)
	at java.base/sun.net.www.http.HttpClient.openServer(HttpClient.java:474)
	at java.base/sun.net.www.http.HttpClient.openServer(HttpClient.java:569)
	at java.base/sun.net.www.protocol.https.HttpsClient.<init>(HttpsClient.java:265)
	at java.base/sun.net.www.protocol.https.HttpsClient.New(HttpsClient.java:372)
	at java.base/sun.net.www.protocol.https.AbstractDelegateHttpsURLConnection.getNewHttpClient(AbstractDelegateHttpsURLConnection.java:189)
	at java.base/sun.net.www.protocol.http.HttpURLConnection.plainConnect0(HttpURLConnection.java:1194)
	at java.base/sun.net.www.protocol.http.HttpURLConnection.plainConnect(HttpURLConnection.java:1082)
	at java.base/sun.net.www.protocol.https.AbstractDelegateHttpsURLConnection.connect(AbstractDelegateHttpsURLConnection.java:175)
	at java.base/sun.net.www.protocol.https.HttpsURLConnectionImpl.connect(HttpsURLConnectionImpl.java:142)
	at io.sentry.connection.HttpConnection.doSend(HttpConnection.java:168)
	... 5 common frames omitted
2021-01-01 13:54:07,655 [Worker-3: Loading available Gradle versions] INFO  o.e.b.c.i.u.g.PublishedGradleVersions - Gradle version information cache is up-to-date. Trying to read.
2021-01-01 14:31:52,990 [Worker-2: Loading available Gradle versions] INFO  o.e.b.c.i.u.g.PublishedGradleVersions - Gradle version information cache is up-to-date. Trying to read.
2021-01-01 21:59:42,758 [Worker-2: Loading available Gradle versions] INFO  o.e.b.c.i.u.g.PublishedGradleVersions - Gradle version information cache is up-to-date. Trying to read.
2021-01-01 22:03:15,140 [Worker-2: Loading available Gradle versions] INFO  o.e.b.c.i.u.g.PublishedGradleVersions - Gradle version information cache is up-to-date. Trying to read.
2021-01-01 22:32:23,241 [Worker-0: Loading available Gradle versions] INFO  o.e.b.c.i.u.g.PublishedGradleVersions - Gradle version information cache is up-to-date. Trying to read.
2021-01-01 22:36:31,871 [Worker-2: Loading available Gradle versions] INFO  o.e.b.c.i.u.g.PublishedGradleVersions - Gradle version information cache is up-to-date. Trying to read.
2021-01-01 22:41:22,364 [Worker-0: Loading available Gradle versions] INFO  o.e.b.c.i.u.g.PublishedGradleVersions - Gradle version information cache is up-to-date. Trying to read.
2021-01-01 22:49:42,299 [sentry-pool-1-thread-1] WARN  i.s.c.AbstractConnection.lockdown - Initiated a temporary lockdown because of exception: Too many requests to Sentry: https://docs.sentry.io/learn/quotas/
2021-01-01 22:52:12,380 [sentry-pool-1-thread-2] WARN  i.s.c.AbstractConnection.lockdown - Initiated a temporary lockdown because of exception: Too many requests to Sentry: https://docs.sentry.io/learn/quotas/
2021-01-01 23:28:35,181 [Worker-0: Loading available Gradle versions] INFO  o.e.b.c.i.u.g.PublishedGradleVersions - Gradle version information cache is up-to-date. Trying to read.
2021-01-01 23:36:33,583 [Worker-2: Loading available Gradle versions] INFO  o.e.b.c.i.u.g.PublishedGradleVersions - Gradle version information cache is up-to-date. Trying to read.
2021-01-01 23:44:48,326 [Worker-1: Loading available Gradle versions] INFO  o.e.b.c.i.u.g.PublishedGradleVersions - Gradle version information cache is up-to-date. Trying to read.
2021-01-01 23:47:32,689 [Worker-0: Loading available Gradle versions] INFO  o.e.b.c.i.u.g.PublishedGradleVersions - Gradle version information cache is up-to-date. Trying to read.
